2015-01-29 22:07:45 [::1][1][-][error][yii\web\HttpException:403] exception 'yii\web\ForbiddenHttpException' with message 'You are not allowed to perform this action.' in /Applications/XAMPP/xamppfiles/htdocs/advanced/_protected/vendor/yiisoft/yii2/filters/AccessControl.php:150
Stack trace:
#0 /Applications/XAMPP/xamppfiles/htdocs/advanced/_protected/vendor/yiisoft/yii2/filters/AccessControl.php(133): yii\filters\AccessControl->denyAccess(Object(yii\web\User))
#1 /Applications/XAMPP/xamppfiles/htdocs/advanced/_protected/vendor/yiisoft/yii2/base/ActionFilter.php(71): yii\filters\AccessControl->beforeAction(Object(yii\base\InlineAction))
#2 [internal function]: yii\base\ActionFilter->beforeFilter(Object(yii\base\ActionEvent))
#3 /Applications/XAMPP/xamppfiles/htdocs/advanced/_protected/vendor/yiisoft/yii2/base/Component.php(538): call_user_func(Array, Object(yii\base\ActionEvent))
#4 /Applications/XAMPP/xamppfiles/htdocs/advanced/_protected/vendor/yiisoft/yii2/base/Controller.php(259): yii\base\Component->trigger('beforeAction', Object(yii\base\ActionEvent))
#5 /Applications/XAMPP/xamppfiles/htdocs/advanced/_protected/vendor/yiisoft/yii2/web/Controller.php(108): yii\base\Controller->beforeAction(Object(yii\base\InlineAction))
#6 /Applications/XAMPP/xamppfiles/htdocs/advanced/_protected/vendor/yiisoft/yii2/base/Controller.php(149): yii\web\Controller->beforeAction(Object(yii\base\InlineAction))
#7 /Applications/XAMPP/xamppfiles/htdocs/advanced/_protected/vendor/yiisoft/yii2/base/Module.php(455): yii\base\Controller->runAction('signup', Array)
#8 /Applications/XAMPP/xamppfiles/htdocs/advanced/_protected/vendor/yiisoft/yii2/web/Application.php(83): yii\base\Module->runAction('site/signup', Array)
#9 /Applications/XAMPP/xamppfiles/htdocs/advanced/_protected/vendor/yiisoft/yii2/base/Application.php(375): yii\web\Application->handleRequest(Object(yii\web\Request))
#10 /Applications/XAMPP/xamppfiles/htdocs/advanced/index.php(18): yii\base\Application->run()
#11 {main}
2015-01-29 22:07:45 [::1][1][-][info][application] $_COOKIE = [
    '__utma' => '1.19490820.1406228493.1406228493.1406228493.1'
    '__2gis_js_api' => 'userId=af33fa63-6e32-4094-f7c1-942e2899db3e|domain=localhost/page/feedback|lastPath=|lastTime=1406228492824|pageViews=1|sessions=1|saveErrors=0'
    'daMenuCategoty' => [
        'smm-4' => '1'
    ]
    '849ef' => 'oc_adminId._.oc_adminSecret._.oc_adminLocale&1._.oQO53aFz._.en_US'
    'mysheet' => 'style5'
    'PHPSESSID' => 'dbs8avv0s2dnen43fvd6u5fiu4'
    'ore_is_first' => '1'
    'YII_CSRF_TOKEN' => 'a051254d16bb49f15733b0fcd0ff58ffe03c3ee3'
    '_lang' => 'ru'
    '_csrf' => '6fa97dc5a5991c26e62740072f177783bc2eca209bff42ec142c910d1bfa68f2s:32:\"imsGi01ed1j_lHqNBz3hXT0ZZDTQF7cY\";'
    '_backendCsrf' => 'c1262b64e8410736d131ec3351830068306aabee4a40b2b5fdb7ab28bad38dcas:32:\"_5BOanlhu6MMRn2LYCxqVZZCpHd8x7Ub\";'
]

$_SESSION = [
    '__flash' => []
    '__returnUrl' => '/advanced/backend/'
    '__id' => 1
]

$_SERVER = [
    'REDIRECT_UNIQUE_ID' => 'VMqhIcCoASUAADfnPO0AAAAF'
    'REDIRECT_STATUS' => '200'
    'UNIQUE_ID' => 'VMqhIcCoASUAADfnPO0AAAAF'
    'HTTP_HOST' => 'localhost'
    'HTTP_USER_AGENT' => 'Mozilla/5.0 (Macintosh; Intel Mac OS X 10.9; rv:35.0) Gecko/20100101 Firefox/35.0'
    'HTTP_ACCEPT' => 'text/html,application/xhtml+xml,application/xml;q=0.9,*/*;q=0.8'
    'HTTP_ACCEPT_LANGUAGE' => 'ru-RU,ru;q=0.8,en-US;q=0.5,en;q=0.3'
    'HTTP_ACCEPT_ENCODING' => 'gzip, deflate'
    'HTTP_REFERER' => 'http://localhost/advanced/site/index'
    'HTTP_COOKIE' => '__utma=1.19490820.1406228493.1406228493.1406228493.1; __2gis_js_api=userId=af33fa63-6e32-4094-f7c1-942e2899db3e|domain=localhost/page/feedback|lastPath=|lastTime=1406228492824|pageViews=1|sessions=1|saveErrors=0; daMenuCategoty%5Bsmm-4%5D=1; 849ef=oc_adminId._.oc_adminSecret._.oc_adminLocale%261._.oQO53aFz._.en_US; mysheet=style5; PHPSESSID=dbs8avv0s2dnen43fvd6u5fiu4; ore_is_first=1; YII_CSRF_TOKEN=a051254d16bb49f15733b0fcd0ff58ffe03c3ee3; _lang=ru; _csrf=6fa97dc5a5991c26e62740072f177783bc2eca209bff42ec142c910d1bfa68f2s%3A32%3A%22imsGi01ed1j_lHqNBz3hXT0ZZDTQF7cY%22%3B; _backendCsrf=c1262b64e8410736d131ec3351830068306aabee4a40b2b5fdb7ab28bad38dcas%3A32%3A%22_5BOanlhu6MMRn2LYCxqVZZCpHd8x7Ub%22%3B'
    'HTTP_CONNECTION' => 'keep-alive'
    'PATH' => '/usr/bin:/bin:/usr/sbin:/sbin'
    'DYLD_LIBRARY_PATH' => '/Applications/XAMPP/xamppfiles/lib:/Applications/XAMPP/xamppfiles/lib'
    'SERVER_SIGNATURE' => ''
    'SERVER_SOFTWARE' => 'Apache/2.4.10 (Unix) OpenSSL/1.0.1j PHP/5.6.3 mod_perl/2.0.8-dev Perl/v5.16.3'
    'SERVER_NAME' => 'localhost'
    'SERVER_ADDR' => '::1'
    'SERVER_PORT' => '80'
    'REMOTE_ADDR' => '::1'
    'DOCUMENT_ROOT' => '/Applications/XAMPP/xamppfiles/htdocs'
    'REQUEST_SCHEME' => 'http'
    'CONTEXT_PREFIX' => ''
    'CONTEXT_DOCUMENT_ROOT' => '/Applications/XAMPP/xamppfiles/htdocs'
    'SERVER_ADMIN' => 'you@example.com'
    'SCRIPT_FILENAME' => '/Applications/XAMPP/xamppfiles/htdocs/advanced/index.php'
    'REMOTE_PORT' => '55097'
    'REDIRECT_URL' => '/advanced/site/signup'
    'GATEWAY_INTERFACE' => 'CGI/1.1'
    'SERVER_PROTOCOL' => 'HTTP/1.1'
    'REQUEST_METHOD' => 'GET'
    'QUERY_STRING' => ''
    'REQUEST_URI' => '/advanced/site/signup'
    'SCRIPT_NAME' => '/advanced/index.php'
    'PHP_SELF' => '/advanced/index.php'
    'REQUEST_TIME_FLOAT' => 1422565665.585
    'REQUEST_TIME' => 1422565665
]
2015-01-29 22:07:49 [::1][1][-][error][yii\web\HttpException:403] exception 'yii\web\ForbiddenHttpException' with message 'You are not allowed to perform this action.' in /Applications/XAMPP/xamppfiles/htdocs/advanced/_protected/vendor/yiisoft/yii2/filters/AccessControl.php:150
Stack trace:
#0 /Applications/XAMPP/xamppfiles/htdocs/advanced/_protected/vendor/yiisoft/yii2/filters/AccessControl.php(133): yii\filters\AccessControl->denyAccess(Object(yii\web\User))
#1 /Applications/XAMPP/xamppfiles/htdocs/advanced/_protected/vendor/yiisoft/yii2/base/ActionFilter.php(71): yii\filters\AccessControl->beforeAction(Object(yii\base\InlineAction))
#2 [internal function]: yii\base\ActionFilter->beforeFilter(Object(yii\base\ActionEvent))
#3 /Applications/XAMPP/xamppfiles/htdocs/advanced/_protected/vendor/yiisoft/yii2/base/Component.php(538): call_user_func(Array, Object(yii\base\ActionEvent))
#4 /Applications/XAMPP/xamppfiles/htdocs/advanced/_protected/vendor/yiisoft/yii2/base/Controller.php(259): yii\base\Component->trigger('beforeAction', Object(yii\base\ActionEvent))
#5 /Applications/XAMPP/xamppfiles/htdocs/advanced/_protected/vendor/yiisoft/yii2/web/Controller.php(108): yii\base\Controller->beforeAction(Object(yii\base\InlineAction))
#6 /Applications/XAMPP/xamppfiles/htdocs/advanced/_protected/vendor/yiisoft/yii2/base/Controller.php(149): yii\web\Controller->beforeAction(Object(yii\base\InlineAction))
#7 /Applications/XAMPP/xamppfiles/htdocs/advanced/_protected/vendor/yiisoft/yii2/base/Module.php(455): yii\base\Controller->runAction('signup', Array)
#8 /Applications/XAMPP/xamppfiles/htdocs/advanced/_protected/vendor/yiisoft/yii2/web/Application.php(83): yii\base\Module->runAction('site/signup', Array)
#9 /Applications/XAMPP/xamppfiles/htdocs/advanced/_protected/vendor/yiisoft/yii2/base/Application.php(375): yii\web\Application->handleRequest(Object(yii\web\Request))
#10 /Applications/XAMPP/xamppfiles/htdocs/advanced/index.php(18): yii\base\Application->run()
#11 {main}
2015-01-29 22:07:49 [::1][1][-][info][application] $_COOKIE = [
    '__utma' => '1.19490820.1406228493.1406228493.1406228493.1'
    '__2gis_js_api' => 'userId=af33fa63-6e32-4094-f7c1-942e2899db3e|domain=localhost/page/feedback|lastPath=|lastTime=1406228492824|pageViews=1|sessions=1|saveErrors=0'
    'daMenuCategoty' => [
        'smm-4' => '1'
    ]
    '849ef' => 'oc_adminId._.oc_adminSecret._.oc_adminLocale&1._.oQO53aFz._.en_US'
    'mysheet' => 'style5'
    'PHPSESSID' => 'dbs8avv0s2dnen43fvd6u5fiu4'
    'ore_is_first' => '1'
    'YII_CSRF_TOKEN' => 'a051254d16bb49f15733b0fcd0ff58ffe03c3ee3'
    '_lang' => 'ru'
    '_csrf' => '2effe314f8b06b3fe53c18df7d5d8af714b0b4b7d12000d87b68c771f2118b0ds:32:\"1SKntlVClNMEjJ5hXX4lpePM2-G65P_b\";'
    '_backendCsrf' => 'c1262b64e8410736d131ec3351830068306aabee4a40b2b5fdb7ab28bad38dcas:32:\"_5BOanlhu6MMRn2LYCxqVZZCpHd8x7Ub\";'
]

$_SESSION = [
    '__flash' => []
    '__returnUrl' => '/advanced/backend/'
    '__id' => 1
]

$_SERVER = [
    'REDIRECT_UNIQUE_ID' => 'VMqhJcCoASUAADfnPPsAAAAF'
    'REDIRECT_STATUS' => '200'
    'UNIQUE_ID' => 'VMqhJcCoASUAADfnPPsAAAAF'
    'HTTP_HOST' => 'localhost'
    'HTTP_USER_AGENT' => 'Mozilla/5.0 (Macintosh; Intel Mac OS X 10.9; rv:35.0) Gecko/20100101 Firefox/35.0'
    'HTTP_ACCEPT' => 'text/html,application/xhtml+xml,application/xml;q=0.9,*/*;q=0.8'
    'HTTP_ACCEPT_LANGUAGE' => 'ru-RU,ru;q=0.8,en-US;q=0.5,en;q=0.3'
    'HTTP_ACCEPT_ENCODING' => 'gzip, deflate'
    'HTTP_REFERER' => 'http://localhost/advanced/site/index'
    'HTTP_COOKIE' => '__utma=1.19490820.1406228493.1406228493.1406228493.1; __2gis_js_api=userId=af33fa63-6e32-4094-f7c1-942e2899db3e|domain=localhost/page/feedback|lastPath=|lastTime=1406228492824|pageViews=1|sessions=1|saveErrors=0; daMenuCategoty%5Bsmm-4%5D=1; 849ef=oc_adminId._.oc_adminSecret._.oc_adminLocale%261._.oQO53aFz._.en_US; mysheet=style5; PHPSESSID=dbs8avv0s2dnen43fvd6u5fiu4; ore_is_first=1; YII_CSRF_TOKEN=a051254d16bb49f15733b0fcd0ff58ffe03c3ee3; _lang=ru; _csrf=2effe314f8b06b3fe53c18df7d5d8af714b0b4b7d12000d87b68c771f2118b0ds%3A32%3A%221SKntlVClNMEjJ5hXX4lpePM2-G65P_b%22%3B; _backendCsrf=c1262b64e8410736d131ec3351830068306aabee4a40b2b5fdb7ab28bad38dcas%3A32%3A%22_5BOanlhu6MMRn2LYCxqVZZCpHd8x7Ub%22%3B'
    'HTTP_CONNECTION' => 'keep-alive'
    'PATH' => '/usr/bin:/bin:/usr/sbin:/sbin'
    'DYLD_LIBRARY_PATH' => '/Applications/XAMPP/xamppfiles/lib:/Applications/XAMPP/xamppfiles/lib'
    'SERVER_SIGNATURE' => ''
    'SERVER_SOFTWARE' => 'Apache/2.4.10 (Unix) OpenSSL/1.0.1j PHP/5.6.3 mod_perl/2.0.8-dev Perl/v5.16.3'
    'SERVER_NAME' => 'localhost'
    'SERVER_ADDR' => '::1'
    'SERVER_PORT' => '80'
    'REMOTE_ADDR' => '::1'
    'DOCUMENT_ROOT' => '/Applications/XAMPP/xamppfiles/htdocs'
    'REQUEST_SCHEME' => 'http'
    'CONTEXT_PREFIX' => ''
    'CONTEXT_DOCUMENT_ROOT' => '/Applications/XAMPP/xamppfiles/htdocs'
    'SERVER_ADMIN' => 'you@example.com'
    'SCRIPT_FILENAME' => '/Applications/XAMPP/xamppfiles/htdocs/advanced/index.php'
    'REMOTE_PORT' => '55097'
    'REDIRECT_URL' => '/advanced/site/signup'
    'GATEWAY_INTERFACE' => 'CGI/1.1'
    'SERVER_PROTOCOL' => 'HTTP/1.1'
    'REQUEST_METHOD' => 'GET'
    'QUERY_STRING' => ''
    'REQUEST_URI' => '/advanced/site/signup'
    'SCRIPT_NAME' => '/advanced/index.php'
    'PHP_SELF' => '/advanced/index.php'
    'REQUEST_TIME_FLOAT' => 1422565669.101
    'REQUEST_TIME' => 1422565669
]
